<?xml version="1.0" encoding="UTF-8" standalone="no"?><templates><template autoinsert="true" context="java" deleted="false" description="junit temporary folder rule" enabled="true" name="tmpf">${:import(org.junit.rules.TemporaryFolder,org.junit.Rule)}@Rule&#13;
public TemporaryFolder folder = new TemporaryFolder();</template></templates>