<?xml version="1.0" encoding="UTF-8" standalone="no"?><templates><template autoinsert="true" context="java" deleted="false" description="junit test" enabled="true" name="test">${:import(org.junit.Test)}@Test&#13;
public void test${cursor}() {&#13;
}&#13;
</template></templates>